[ 2018-03-04T22:59:08+08:00 ] 127.0.0.1 /article/Home/articleAuth/getArticles?appkey=fs1223434&minid=1&maxid=100
INFO: [ app_init ] --START--
INFO: Run Behavior\BuildLiteBehavior [ RunTime:0.000000s ]
INFO: [ app_init ] --END-- [ RunTime:0.001000s ]
INFO: [ app_begin ] --START--
INFO: Run Behavior\ReadHtmlCacheBehavior [ RunTime:0.001000s ]
INFO: [ app_begin ] --END-- [ RunTime:0.001000s ]
SQL: SHOW COLUMNS FROM `j_article_info` [ RunTime:0.0090s ]
SQL: SELECT * FROM `j_article_info` WHERE (  (  `article_id` > '100' ) OR (  `article_id` < '1' ) ) ORDER BY `article_id` desc LIMIT 0,10   [ RunTime:0.0020s ]
INFO: [ app_end ] --START--
INFO: Run Behavior\ShowPageTraceBehavior [ RunTime:0.002000s ]
INFO: [ app_end ] --END-- [ RunTime:0.002000s ]

[ 2018-03-04T22:59:08+08:00 ] ::1 /article/Home/articleAuth/synarticleData
INFO: [ app_init ] --START--
INFO: Run Behavior\BuildLiteBehavior [ RunTime:0.000000s ]
INFO: [ app_init ] --END-- [ RunTime:0.001000s ]
INFO: [ app_begin ] --START--
INFO: Run Behavior\ReadHtmlCacheBehavior [ RunTime:0.003000s ]
INFO: [ app_begin ] --END-- [ RunTime:0.003000s ]
SQL: SHOW COLUMNS FROM `j_article_info` [ RunTime:0.0090s ]
SQL: UPDATE `j_article_info` SET `article_dislike`=article_dislike+0 WHERE `article_id` = '1508643763996' [ RunTime:0.0000s ]
SQL: UPDATE `j_article_info` SET `article_dislike`=article_dislike+0 WHERE `article_id` = '1508643743145' [ RunTime:0.0000s ]
SQL: UPDATE `j_article_info` SET `article_dislike`=article_dislike+0 WHERE `article_id` = '1508643726367' [ RunTime:0.0000s ]
SQL: UPDATE `j_article_info` SET `article_dislike`=article_dislike+1040 WHERE `article_id` = '1508643649574' [ RunTime:0.0360s ]
SQL: UPDATE `j_article_info` SET `article_dislike`=article_dislike+0 WHERE `article_id` = '1508643645076' [ RunTime:0.0010s ]
SQL: UPDATE `j_article_info` SET `article_dislike`=article_dislike+0 WHERE `article_id` = '1508643639813' [ RunTime:0.0000s ]
SQL: UPDATE `j_article_info` SET `article_dislike`=article_dislike+0 WHERE `article_id` = '1508643018197' [ RunTime:0.0000s ]
SQL: UPDATE `j_article_info` SET `article_dislike`=article_dislike+0 WHERE `article_id` = '1508510350353' [ RunTime:0.0000s ]
INFO: [ app_end ] --START--
INFO: Run Behavior\ShowPageTraceBehavior [ RunTime:0.001000s ]
INFO: [ app_end ] --END-- [ RunTime:0.001000s ]

[ 2018-03-04T22:59:31+08:00 ] 127.0.0.1 /article/Home/articleAuth/getArticles?appkey=fs1223434&minid=1&maxid=100
INFO: [ app_init ] --START--
INFO: Run Behavior\BuildLiteBehavior [ RunTime:0.000000s ]
INFO: [ app_init ] --END-- [ RunTime:0.001000s ]
INFO: [ app_begin ] --START--
INFO: Run Behavior\ReadHtmlCacheBehavior [ RunTime:0.001000s ]
INFO: [ app_begin ] --END-- [ RunTime:0.001000s ]
SQL: SHOW COLUMNS FROM `j_article_info` [ RunTime:0.0080s ]
SQL: SELECT * FROM `j_article_info` WHERE (  (  `article_id` > '100' ) OR (  `article_id` < '1' ) ) ORDER BY `article_id` desc LIMIT 0,10   [ RunTime:0.0010s ]
INFO: [ app_end ] --START--
INFO: Run Behavior\ShowPageTraceBehavior [ RunTime:0.003000s ]
INFO: [ app_end ] --END-- [ RunTime:0.003000s ]

[ 2018-03-04T22:59:31+08:00 ] ::1 /article/Home/articleAuth/synarticleData
INFO: [ app_init ] --START--
INFO: Run Behavior\BuildLiteBehavior [ RunTime:0.000000s ]
INFO: [ app_init ] --END-- [ RunTime:0.002000s ]
INFO: [ app_begin ] --START--
INFO: Run Behavior\ReadHtmlCacheBehavior [ RunTime:0.001000s ]
INFO: [ app_begin ] --END-- [ RunTime:0.001000s ]
SQL: SHOW COLUMNS FROM `j_article_info` [ RunTime:0.0120s ]
SQL: UPDATE `j_article_info` SET `article_dislike`=article_dislike+0,`article_like`=article_like+0,`article_scan`=article_scan+0 WHERE `article_id` = '1508643763996' [ RunTime:0.0000s ]
SQL: UPDATE `j_article_info` SET `article_dislike`=article_dislike+0,`article_like`=article_like+0,`article_scan`=article_scan+0 WHERE `article_id` = '1508643743145' [ RunTime:0.0000s ]
SQL: UPDATE `j_article_info` SET `article_dislike`=article_dislike+0,`article_like`=article_like+0,`article_scan`=article_scan+0 WHERE `article_id` = '1508643726367' [ RunTime:0.0000s ]
SQL: UPDATE `j_article_info` SET `article_dislike`=article_dislike+2080,`article_like`=article_like+0,`article_scan`=article_scan+0 WHERE `article_id` = '1508643649574' [ RunTime:0.0290s ]
SQL: UPDATE `j_article_info` SET `article_dislike`=article_dislike+0,`article_like`=article_like+0,`article_scan`=article_scan+0 WHERE `article_id` = '1508643645076' [ RunTime:0.0000s ]
SQL: UPDATE `j_article_info` SET `article_dislike`=article_dislike+0,`article_like`=article_like+0,`article_scan`=article_scan+0 WHERE `article_id` = '1508643639813' [ RunTime:0.0010s ]
SQL: UPDATE `j_article_info` SET `article_dislike`=article_dislike+0,`article_like`=article_like+0,`article_scan`=article_scan+0 WHERE `article_id` = '1508643018197' [ RunTime:0.0000s ]
SQL: UPDATE `j_article_info` SET `article_dislike`=article_dislike+0,`article_like`=article_like+0,`article_scan`=article_scan+0 WHERE `article_id` = '1508510350353' [ RunTime:0.0000s ]
INFO: [ app_end ] --START--
INFO: Run Behavior\ShowPageTraceBehavior [ RunTime:0.000000s ]
INFO: [ app_end ] --END-- [ RunTime:0.001000s ]

